[ 2025-06-23 17:36:56,112 ] 97 werkzeug - INFO - [31m[1mWARNING: This is a development server. Do not use it in a production deployment. Use a production WSGI server instead.[0m
 * Running on all addresses (0.0.0.0)
 * Running on http://127.0.0.1:5000
 * Running on http://192.168.1.3:5000
[ 2025-06-23 17:36:56,112 ] 97 werkzeug - INFO - [33mPress CTRL+C to quit[0m
[ 2025-06-23 17:38:31,112 ] 97 werkzeug - INFO - 127.0.0.1 - - [23/Jun/2025 17:38:31] "GET / HTTP/1.1" 200 -
[ 2025-06-23 17:38:31,206 ] 97 werkzeug - INFO - 127.0.0.1 - - [23/Jun/2025 17:38:31] "[33mGET /favicon.ico HTTP/1.1[0m" 404 -
[ 2025-06-23 17:38:43,245 ] 97 werkzeug - INFO - 127.0.0.1 - - [23/Jun/2025 17:38:43] "GET /predictdata HTTP/1.1" 200 -
[ 2025-06-23 17:38:56,585 ] 838 app - ERROR - Exception on /predictdata [POST]
Traceback (most recent call last):
  File "D:\Tugas\MLOps_course\mlproject\src\utils.py", line 61, in load_object
    with open(file_path, "rb") as file_obj:
FileNotFoundError: [Errno 2] No such file or directory: 'artifacts\\preprocessor.pkl'

During handling of the above exception, another exception occurred:

Traceback (most recent call last):
  File "D:\Tugas\MLOps_course\mlproject\src\pipeline\predict_pipeline.py", line 18, in predict
    preprocessor = load_object(file_path=preprocessor_path)
  File "D:\Tugas\MLOps_course\mlproject\src\utils.py", line 65, in load_object
    raise CustomException(e, sys)
src.exception.CustomException: Error occured in python script name [D:\Tugas\MLOps_course\mlproject\src\utils.py] line number [61] error message[[Errno 2] No such file or directory: 'artifacts\\preprocessor.pkl']

During handling of the above exception, another exception occurred:

Traceback (most recent call last):
  File "C:\Users\USER\AppData\Local\Programs\Python\Python310\lib\site-packages\flask\app.py", line 1473, in wsgi_app
    response = self.full_dispatch_request()
  File "C:\Users\USER\AppData\Local\Programs\Python\Python310\lib\site-packages\flask\app.py", line 882, in full_dispatch_request
    rv = self.handle_user_exception(e)
  File "C:\Users\USER\AppData\Local\Programs\Python\Python310\lib\site-packages\flask\app.py", line 880, in full_dispatch_request
    rv = self.dispatch_request()
  File "C:\Users\USER\AppData\Local\Programs\Python\Python310\lib\site-packages\flask\app.py", line 865, in dispatch_request
    return self.ensure_sync(self.view_functions[rule.endpoint])(**view_args)  # type: ignore[no-any-return]
  File "D:\Tugas\MLOps_course\mlproject\app.py", line 40, in predict_datapoint
    results = predict_pipeline.predict(pred_df)
  File "D:\Tugas\MLOps_course\mlproject\src\pipeline\predict_pipeline.py", line 25, in predict
    raise CustomException(e, sys)
src.exception.CustomException: Error occured in python script name [D:\Tugas\MLOps_course\mlproject\src\pipeline\predict_pipeline.py] line number [18] error message[Error occured in python script name [D:\Tugas\MLOps_course\mlproject\src\utils.py] line number [61] error message[[Errno 2] No such file or directory: 'artifacts\\preprocessor.pkl']]
[ 2025-06-23 17:38:56,588 ] 97 werkzeug - INFO - 127.0.0.1 - - [23/Jun/2025 17:38:56] "[35m[1mPOST /predictdata HTTP/1.1[0m" 500 -
[ 2025-06-23 17:39:17,278 ] 838 app - ERROR - Exception on /predictdata [POST]
Traceback (most recent call last):
  File "D:\Tugas\MLOps_course\mlproject\src\utils.py", line 61, in load_object
    with open(file_path, "rb") as file_obj:
FileNotFoundError: [Errno 2] No such file or directory: 'artifacts\\preprocessor.pkl'

During handling of the above exception, another exception occurred:

Traceback (most recent call last):
  File "D:\Tugas\MLOps_course\mlproject\src\pipeline\predict_pipeline.py", line 18, in predict
    preprocessor = load_object(file_path=preprocessor_path)
  File "D:\Tugas\MLOps_course\mlproject\src\utils.py", line 65, in load_object
    raise CustomException(e, sys)
src.exception.CustomException: Error occured in python script name [D:\Tugas\MLOps_course\mlproject\src\utils.py] line number [61] error message[[Errno 2] No such file or directory: 'artifacts\\preprocessor.pkl']

During handling of the above exception, another exception occurred:

Traceback (most recent call last):
  File "C:\Users\USER\AppData\Local\Programs\Python\Python310\lib\site-packages\flask\app.py", line 1473, in wsgi_app
    response = self.full_dispatch_request()
  File "C:\Users\USER\AppData\Local\Programs\Python\Python310\lib\site-packages\flask\app.py", line 882, in full_dispatch_request
    rv = self.handle_user_exception(e)
  File "C:\Users\USER\AppData\Local\Programs\Python\Python310\lib\site-packages\flask\app.py", line 880, in full_dispatch_request
    rv = self.dispatch_request()
  File "C:\Users\USER\AppData\Local\Programs\Python\Python310\lib\site-packages\flask\app.py", line 865, in dispatch_request
    return self.ensure_sync(self.view_functions[rule.endpoint])(**view_args)  # type: ignore[no-any-return]
  File "D:\Tugas\MLOps_course\mlproject\app.py", line 40, in predict_datapoint
    results = predict_pipeline.predict(pred_df)
  File "D:\Tugas\MLOps_course\mlproject\src\pipeline\predict_pipeline.py", line 25, in predict
    raise CustomException(e, sys)
src.exception.CustomException: Error occured in python script name [D:\Tugas\MLOps_course\mlproject\src\pipeline\predict_pipeline.py] line number [18] error message[Error occured in python script name [D:\Tugas\MLOps_course\mlproject\src\utils.py] line number [61] error message[[Errno 2] No such file or directory: 'artifacts\\preprocessor.pkl']]
[ 2025-06-23 17:39:17,280 ] 97 werkzeug - INFO - 127.0.0.1 - - [23/Jun/2025 17:39:17] "[35m[1mPOST /predictdata HTTP/1.1[0m" 500 -
[ 2025-06-23 17:39:22,323 ] 838 app - ERROR - Exception on /predictdata [POST]
Traceback (most recent call last):
  File "D:\Tugas\MLOps_course\mlproject\src\utils.py", line 61, in load_object
    with open(file_path, "rb") as file_obj:
FileNotFoundError: [Errno 2] No such file or directory: 'artifacts\\preprocessor.pkl'

During handling of the above exception, another exception occurred:

Traceback (most recent call last):
  File "D:\Tugas\MLOps_course\mlproject\src\pipeline\predict_pipeline.py", line 18, in predict
    preprocessor = load_object(file_path=preprocessor_path)
  File "D:\Tugas\MLOps_course\mlproject\src\utils.py", line 65, in load_object
    raise CustomException(e, sys)
src.exception.CustomException: Error occured in python script name [D:\Tugas\MLOps_course\mlproject\src\utils.py] line number [61] error message[[Errno 2] No such file or directory: 'artifacts\\preprocessor.pkl']

During handling of the above exception, another exception occurred:

Traceback (most recent call last):
  File "C:\Users\USER\AppData\Local\Programs\Python\Python310\lib\site-packages\flask\app.py", line 1473, in wsgi_app
    response = self.full_dispatch_request()
  File "C:\Users\USER\AppData\Local\Programs\Python\Python310\lib\site-packages\flask\app.py", line 882, in full_dispatch_request
    rv = self.handle_user_exception(e)
  File "C:\Users\USER\AppData\Local\Programs\Python\Python310\lib\site-packages\flask\app.py", line 880, in full_dispatch_request
    rv = self.dispatch_request()
  File "C:\Users\USER\AppData\Local\Programs\Python\Python310\lib\site-packages\flask\app.py", line 865, in dispatch_request
    return self.ensure_sync(self.view_functions[rule.endpoint])(**view_args)  # type: ignore[no-any-return]
  File "D:\Tugas\MLOps_course\mlproject\app.py", line 40, in predict_datapoint
    results = predict_pipeline.predict(pred_df)
  File "D:\Tugas\MLOps_course\mlproject\src\pipeline\predict_pipeline.py", line 25, in predict
    raise CustomException(e, sys)
src.exception.CustomException: Error occured in python script name [D:\Tugas\MLOps_course\mlproject\src\pipeline\predict_pipeline.py] line number [18] error message[Error occured in python script name [D:\Tugas\MLOps_course\mlproject\src\utils.py] line number [61] error message[[Errno 2] No such file or directory: 'artifacts\\preprocessor.pkl']]
[ 2025-06-23 17:39:22,324 ] 97 werkzeug - INFO - 127.0.0.1 - - [23/Jun/2025 17:39:22] "[35m[1mPOST /predictdata HTTP/1.1[0m" 500 -
[ 2025-06-23 17:40:33,170 ] 97 werkzeug - INFO - 127.0.0.1 - - [23/Jun/2025 17:40:33] "GET / HTTP/1.1" 200 -
[ 2025-06-23 17:40:37,829 ] 97 werkzeug - INFO - 127.0.0.1 - - [23/Jun/2025 17:40:37] "GET /predictdata HTTP/1.1" 200 -
[ 2025-06-23 17:40:48,300 ] 838 app - ERROR - Exception on /predictdata [POST]
Traceback (most recent call last):
  File "D:\Tugas\MLOps_course\mlproject\src\utils.py", line 61, in load_object
    with open(file_path, "rb") as file_obj:
FileNotFoundError: [Errno 2] No such file or directory: 'artifacts\\preprocessor.pkl'

During handling of the above exception, another exception occurred:

Traceback (most recent call last):
  File "D:\Tugas\MLOps_course\mlproject\src\pipeline\predict_pipeline.py", line 18, in predict
    preprocessor = load_object(file_path=preprocessor_path)
  File "D:\Tugas\MLOps_course\mlproject\src\utils.py", line 65, in load_object
    raise CustomException(e, sys)
src.exception.CustomException: Error occured in python script name [D:\Tugas\MLOps_course\mlproject\src\utils.py] line number [61] error message[[Errno 2] No such file or directory: 'artifacts\\preprocessor.pkl']

During handling of the above exception, another exception occurred:

Traceback (most recent call last):
  File "C:\Users\USER\AppData\Local\Programs\Python\Python310\lib\site-packages\flask\app.py", line 1473, in wsgi_app
    response = self.full_dispatch_request()
  File "C:\Users\USER\AppData\Local\Programs\Python\Python310\lib\site-packages\flask\app.py", line 882, in full_dispatch_request
    rv = self.handle_user_exception(e)
  File "C:\Users\USER\AppData\Local\Programs\Python\Python310\lib\site-packages\flask\app.py", line 880, in full_dispatch_request
    rv = self.dispatch_request()
  File "C:\Users\USER\AppData\Local\Programs\Python\Python310\lib\site-packages\flask\app.py", line 865, in dispatch_request
    return self.ensure_sync(self.view_functions[rule.endpoint])(**view_args)  # type: ignore[no-any-return]
  File "D:\Tugas\MLOps_course\mlproject\app.py", line 40, in predict_datapoint
    results = predict_pipeline.predict(pred_df)
  File "D:\Tugas\MLOps_course\mlproject\src\pipeline\predict_pipeline.py", line 25, in predict
    raise CustomException(e, sys)
src.exception.CustomException: Error occured in python script name [D:\Tugas\MLOps_course\mlproject\src\pipeline\predict_pipeline.py] line number [18] error message[Error occured in python script name [D:\Tugas\MLOps_course\mlproject\src\utils.py] line number [61] error message[[Errno 2] No such file or directory: 'artifacts\\preprocessor.pkl']]
[ 2025-06-23 17:40:48,301 ] 97 werkzeug - INFO - 127.0.0.1 - - [23/Jun/2025 17:40:48] "[35m[1mPOST /predictdata HTTP/1.1[0m" 500 -
